Namespace(basic_net='resnet1d', batch_size=16, config='Shell_yaml/dann.yaml', data_dir='../../Dataset/CQDX/CQDXBear/ZouBearingFaultRawConstantLoad.mat', dataset='CQDXBear1D', gamma=0.9, is_continue_train=False, is_descend=False, is_save_checkpoint=False, lr=0.01, lr_decay=0.75, lr_scheduler_type='stepLR', momentum=0.9, n_epoch=500, n_iter_per_epoch=20, normalize_type='0-1', num_class=5, num_workers=3, seed=1, src_wc='2', steps='50', tgt_wc='1', transfer_loss='adv', transfer_loss_weight=1.5, weight_decay=0.001)
使用的0.3比例测试
使用的0.3比例测试

Epoch: [ 0/500], cls_loss: 0.7035, transfer_loss: 0.6904, total_Loss: 1.7392, val_loss 0.3426, val_acc: 91.6667, The current lr 0.001000

Epoch: [ 1/500], cls_loss: 0.2477, transfer_loss: 0.6455, total_Loss: 1.2160, val_loss 0.4372, val_acc: 89.1667, The current lr 0.001000

Epoch: [ 2/500], cls_loss: 0.1640, transfer_loss: 0.5358, total_Loss: 0.9676, val_loss 3.3996, val_acc: 47.6389, The current lr 0.001000

Epoch: [ 3/500], cls_loss: 0.1365, transfer_loss: 0.4549, total_Loss: 0.8188, val_loss 0.2268, val_acc: 97.5000, The current lr 0.001000

Epoch: [ 4/500], cls_loss: 0.0977, transfer_loss: 0.4403, total_Loss: 0.7581, val_loss 0.2968, val_acc: 93.6111, The current lr 0.001000

Epoch: [ 5/500], cls_loss: 0.0516, transfer_loss: 0.5094, total_Loss: 0.8156, val_loss 0.9446, val_acc: 83.3333, The current lr 0.001000

Epoch: [ 6/500], cls_loss: 0.1016, transfer_loss: 0.6411, total_Loss: 1.0632, val_loss 15.5017, val_acc: 42.5000, The current lr 0.001000

Epoch: [ 7/500], cls_loss: 0.1627, transfer_loss: 0.6420, total_Loss: 1.1256, val_loss 0.4578, val_acc: 93.7500, The current lr 0.001000

Epoch: [ 8/500], cls_loss: 0.1082, transfer_loss: 0.6638, total_Loss: 1.1040, val_loss 0.0373, val_acc: 99.1667, The current lr 0.001000

Epoch: [ 9/500], cls_loss: 0.0340, transfer_loss: 0.6755, total_Loss: 1.0474, val_loss 0.0457, val_acc: 98.6111, The current lr 0.001000

Epoch: [10/500], cls_loss: 0.0588, transfer_loss: 0.6858, total_Loss: 1.0876, val_loss 0.0295, val_acc: 99.0278, The current lr 0.001000

Epoch: [11/500], cls_loss: 0.0634, transfer_loss: 0.6760, total_Loss: 1.0775, val_loss 0.7123, val_acc: 88.8889, The current lr 0.001000

Epoch: [12/500], cls_loss: 0.0426, transfer_loss: 0.6415, total_Loss: 1.0049, val_loss 0.0111, val_acc: 99.5833, The current lr 0.001000

Epoch: [13/500], cls_loss: 0.0631, transfer_loss: 0.6916, total_Loss: 1.1005, val_loss 0.0369, val_acc: 99.3056, The current lr 0.001000

Epoch: [14/500], cls_loss: 0.0623, transfer_loss: 0.6874, total_Loss: 1.0934, val_loss 0.0731, val_acc: 98.4722, The current lr 0.001000

Epoch: [15/500], cls_loss: 0.0188, transfer_loss: 0.6813, total_Loss: 1.0407, val_loss 0.0431, val_acc: 99.0278, The current lr 0.001000

Epoch: [16/500], cls_loss: 0.0380, transfer_loss: 0.6807, total_Loss: 1.0591, val_loss 0.1381, val_acc: 97.7778, The current lr 0.001000

Epoch: [17/500], cls_loss: 0.0236, transfer_loss: 0.6819, total_Loss: 1.0465, val_loss 0.0287, val_acc: 99.1667, The current lr 0.001000

Epoch: [18/500], cls_loss: 0.0207, transfer_loss: 0.6779, total_Loss: 1.0375, val_loss 0.0037, val_acc: 99.7222, The current lr 0.001000

Epoch: [19/500], cls_loss: 0.0141, transfer_loss: 0.6898, total_Loss: 1.0488, val_loss 0.0373, val_acc: 99.0278, The current lr 0.001000

Epoch: [20/500], cls_loss: 0.0151, transfer_loss: 0.6849, total_Loss: 1.0425, val_loss 0.0690, val_acc: 99.0278, The current lr 0.001000

Epoch: [21/500], cls_loss: 0.0116, transfer_loss: 0.6842, total_Loss: 1.0379, val_loss 0.1760, val_acc: 94.5833, The current lr 0.001000

Epoch: [22/500], cls_loss: 0.0229, transfer_loss: 0.6836, total_Loss: 1.0484, val_loss 0.0155, val_acc: 99.5833, The current lr 0.001000

Epoch: [23/500], cls_loss: 0.0119, transfer_loss: 0.6847, total_Loss: 1.0390, val_loss 0.0843, val_acc: 98.4722, The current lr 0.001000

Epoch: [24/500], cls_loss: 0.0145, transfer_loss: 0.6801, total_Loss: 1.0347, val_loss 0.0516, val_acc: 98.1944, The current lr 0.001000

Epoch: [25/500], cls_loss: 0.0070, transfer_loss: 0.6929, total_Loss: 1.0463, val_loss 0.0122, val_acc: 99.7222, The current lr 0.001000

Epoch: [26/500], cls_loss: 0.0109, transfer_loss: 0.6916, total_Loss: 1.0484, val_loss 0.0115, val_acc: 99.5833, The current lr 0.001000

Epoch: [27/500], cls_loss: 0.0065, transfer_loss: 0.6838, total_Loss: 1.0322, val_loss 0.0086, val_acc: 99.5833, The current lr 0.001000

Epoch: [28/500], cls_loss: 0.0139, transfer_loss: 0.6906, total_Loss: 1.0498, val_loss 0.0126, val_acc: 99.7222, The current lr 0.001000

Epoch: [29/500], cls_loss: 0.0064, transfer_loss: 0.6896, total_Loss: 1.0408, val_loss 0.0066, val_acc: 99.7222, The current lr 0.001000

Epoch: [30/500], cls_loss: 0.0080, transfer_loss: 0.6927, total_Loss: 1.0470, val_loss 0.0118, val_acc: 99.7222, The current lr 0.001000

Epoch: [31/500], cls_loss: 0.0160, transfer_loss: 0.6941, total_Loss: 1.0572, val_loss 0.0025, val_acc: 100.0000, The current lr 0.001000

Epoch: [32/500], cls_loss: 0.0221, transfer_loss: 0.6913, total_Loss: 1.0591, val_loss 0.0847, val_acc: 97.5000, The current lr 0.001000

Epoch: [33/500], cls_loss: 0.0156, transfer_loss: 0.6897, total_Loss: 1.0501, val_loss 0.0023, val_acc: 99.8611, The current lr 0.001000

Epoch: [34/500], cls_loss: 0.0079, transfer_loss: 0.6834, total_Loss: 1.0330, val_loss 0.0145, val_acc: 99.5833, The current lr 0.001000

Epoch: [35/500], cls_loss: 0.0024, transfer_loss: 0.6830, total_Loss: 1.0269, val_loss 0.0053, val_acc: 99.8611, The current lr 0.001000

Epoch: [36/500], cls_loss: 0.0140, transfer_loss: 0.6861, total_Loss: 1.0431, val_loss 0.0054, val_acc: 99.7222, The current lr 0.001000

Epoch: [37/500], cls_loss: 0.0082, transfer_loss: 0.6778, total_Loss: 1.0250, val_loss 0.0094, val_acc: 99.7222, The current lr 0.001000

Epoch: [38/500], cls_loss: 0.0094, transfer_loss: 0.6928, total_Loss: 1.0487, val_loss 0.0035, val_acc: 99.8611, The current lr 0.001000

Epoch: [39/500], cls_loss: 0.0155, transfer_loss: 0.6855, total_Loss: 1.0437, val_loss 0.0088, val_acc: 99.5833, The current lr 0.001000

Epoch: [40/500], cls_loss: 0.0097, transfer_loss: 0.6869, total_Loss: 1.0400, val_loss 0.0024, val_acc: 99.8611, The current lr 0.001000

Epoch: [41/500], cls_loss: 0.0063, transfer_loss: 0.6945, total_Loss: 1.0479, val_loss 0.0226, val_acc: 99.3056, The current lr 0.001000

Epoch: [42/500], cls_loss: 0.0095, transfer_loss: 0.6913, total_Loss: 1.0465, val_loss 0.0129, val_acc: 99.7222, The current lr 0.001000

Epoch: [43/500], cls_loss: 0.0065, transfer_loss: 0.6892, total_Loss: 1.0403, val_loss 0.0143, val_acc: 99.5833, The current lr 0.001000

Epoch: [44/500], cls_loss: 0.0017, transfer_loss: 0.6852, total_Loss: 1.0295, val_loss 0.0050, val_acc: 99.8611, The current lr 0.001000

Epoch: [45/500], cls_loss: 0.0057, transfer_loss: 0.6879, total_Loss: 1.0376, val_loss 0.0048, val_acc: 99.8611, The current lr 0.001000

Epoch: [46/500], cls_loss: 0.0079, transfer_loss: 0.6888, total_Loss: 1.0411, val_loss 0.0215, val_acc: 99.3056, The current lr 0.001000

Epoch: [47/500], cls_loss: 0.0057, transfer_loss: 0.6900, total_Loss: 1.0407, val_loss 0.0056, val_acc: 99.7222, The current lr 0.001000

Epoch: [48/500], cls_loss: 0.0025, transfer_loss: 0.6979, total_Loss: 1.0493, val_loss 0.0133, val_acc: 99.5833, The current lr 0.001000

Epoch: [49/500], cls_loss: 0.0035, transfer_loss: 0.6913, total_Loss: 1.0403, val_loss 0.0138, val_acc: 99.5833, The current lr 0.001000

Epoch: [50/500], cls_loss: 0.0018, transfer_loss: 0.6922, total_Loss: 1.0401, val_loss 0.0016, val_acc: 100.0000, The current lr 0.000900

Epoch: [51/500], cls_loss: 0.0029, transfer_loss: 0.6914, total_Loss: 1.0400, val_loss 0.0058, val_acc: 99.7222, The current lr 0.000900

Epoch: [52/500], cls_loss: 0.0024, transfer_loss: 0.6897, total_Loss: 1.0369, val_loss 0.0021, val_acc: 99.8611, The current lr 0.000900

Epoch: [53/500], cls_loss: 0.0035, transfer_loss: 0.6869, total_Loss: 1.0339, val_loss 0.0068, val_acc: 99.7222, The current lr 0.000900

Epoch: [54/500], cls_loss: 0.0040, transfer_loss: 0.6907, total_Loss: 1.0400, val_loss 0.0030, val_acc: 99.8611, The current lr 0.000900

Epoch: [55/500], cls_loss: 0.0018, transfer_loss: 0.6898, total_Loss: 1.0365, val_loss 0.0036, val_acc: 99.7222, The current lr 0.000900

Epoch: [56/500], cls_loss: 0.0044, transfer_loss: 0.6897, total_Loss: 1.0389, val_loss 0.0010, val_acc: 100.0000, The current lr 0.000900

Epoch: [57/500], cls_loss: 0.0032, transfer_loss: 0.6908, total_Loss: 1.0394, val_loss 0.0042, val_acc: 99.8611, The current lr 0.000900

Epoch: [58/500], cls_loss: 0.0068, transfer_loss: 0.6885, total_Loss: 1.0395, val_loss 0.0035, val_acc: 99.7222, The current lr 0.000900

Epoch: [59/500], cls_loss: 0.0021, transfer_loss: 0.6888, total_Loss: 1.0353, val_loss 0.0006, val_acc: 100.0000, The current lr 0.000900

Epoch: [60/500], cls_loss: 0.0026, transfer_loss: 0.6904, total_Loss: 1.0381, val_loss 0.0031, val_acc: 99.8611, The current lr 0.000900

Epoch: [61/500], cls_loss: 0.0007, transfer_loss: 0.6908, total_Loss: 1.0370, val_loss 0.0024, val_acc: 99.8611, The current lr 0.000900

Epoch: [62/500], cls_loss: 0.0125, transfer_loss: 0.6925, total_Loss: 1.0512, val_loss 0.0100, val_acc: 99.7222, The current lr 0.000900

Epoch: [63/500], cls_loss: 0.0054, transfer_loss: 0.6925, total_Loss: 1.0442, val_loss 0.0024, val_acc: 99.8611, The current lr 0.000900

Epoch: [64/500], cls_loss: 0.0048, transfer_loss: 0.6886, total_Loss: 1.0377, val_loss 0.0006, val_acc: 100.0000, The current lr 0.000900

Epoch: [65/500], cls_loss: 0.0061, transfer_loss: 0.6914, total_Loss: 1.0432, val_loss 0.0009, val_acc: 100.0000, The current lr 0.000900

Epoch: [66/500], cls_loss: 0.0138, transfer_loss: 0.6880, total_Loss: 1.0458, val_loss 0.0074, val_acc: 99.4444, The current lr 0.000900

Epoch: [67/500], cls_loss: 0.0052, transfer_loss: 0.6933, total_Loss: 1.0452, val_loss 0.0010, val_acc: 100.0000, The current lr 0.000900

Epoch: [68/500], cls_loss: 0.0013, transfer_loss: 0.6893, total_Loss: 1.0352, val_loss 0.0025, val_acc: 99.8611, The current lr 0.000900

Epoch: [69/500], cls_loss: 0.0028, transfer_loss: 0.6915, total_Loss: 1.0401, val_loss 0.0007, val_acc: 100.0000, The current lr 0.000900

Epoch: [70/500], cls_loss: 0.0073, transfer_loss: 0.6900, total_Loss: 1.0423, val_loss 0.0008, val_acc: 100.0000, The current lr 0.000900

Epoch: [71/500], cls_loss: 0.0030, transfer_loss: 0.6890, total_Loss: 1.0365, val_loss 0.0028, val_acc: 100.0000, The current lr 0.000900

Epoch: [72/500], cls_loss: 0.0102, transfer_loss: 0.6890, total_Loss: 1.0438, val_loss 0.0065, val_acc: 99.5833, The current lr 0.000900

Epoch: [73/500], cls_loss: 0.0118, transfer_loss: 0.6902, total_Loss: 1.0471, val_loss 0.0012, val_acc: 100.0000, The current lr 0.000900

Epoch: [74/500], cls_loss: 0.0027, transfer_loss: 0.6895, total_Loss: 1.0369, val_loss 0.0011, val_acc: 100.0000, The current lr 0.000900

Epoch: [75/500], cls_loss: 0.0033, transfer_loss: 0.6888, total_Loss: 1.0365, val_loss 0.0185, val_acc: 99.3056, The current lr 0.000900

Epoch: [76/500], cls_loss: 0.0056, transfer_loss: 0.6929, total_Loss: 1.0450, val_loss 0.0010, val_acc: 100.0000, The current lr 0.000900

Epoch: [77/500], cls_loss: 0.0039, transfer_loss: 0.6933, total_Loss: 1.0438, val_loss 0.0128, val_acc: 99.5833, The current lr 0.000900

Epoch: [78/500], cls_loss: 0.0064, transfer_loss: 0.6901, total_Loss: 1.0415, val_loss 0.0002, val_acc: 100.0000, The current lr 0.000900

Epoch: [79/500], cls_loss: 0.0017, transfer_loss: 0.6922, total_Loss: 1.0399, val_loss 0.0003, val_acc: 100.0000, The current lr 0.000900

Epoch: [80/500], cls_loss: 0.0030, transfer_loss: 0.6907, total_Loss: 1.0390, val_loss 0.0004, val_acc: 100.0000, The current lr 0.000900

Epoch: [81/500], cls_loss: 0.0052, transfer_loss: 0.6920, total_Loss: 1.0432, val_loss 0.0019, val_acc: 99.8611, The current lr 0.000900

Epoch: [82/500], cls_loss: 0.0092, transfer_loss: 0.6903, total_Loss: 1.0446, val_loss 0.0082, val_acc: 99.5833, The current lr 0.000900

Epoch: [83/500], cls_loss: 0.0052, transfer_loss: 0.6907, total_Loss: 1.0412, val_loss 0.0007, val_acc: 100.0000, The current lr 0.000900

Epoch: [84/500], cls_loss: 0.0017, transfer_loss: 0.6883, total_Loss: 1.0341, val_loss 0.0009, val_acc: 100.0000, The current lr 0.000900

Epoch: [85/500], cls_loss: 0.0014, transfer_loss: 0.6910, total_Loss: 1.0379, val_loss 0.0015, val_acc: 99.8611, The current lr 0.000900

Epoch: [86/500], cls_loss: 0.0010, transfer_loss: 0.6911, total_Loss: 1.0377, val_loss 0.0007, val_acc: 100.0000, The current lr 0.000900

Epoch: [87/500], cls_loss: 0.0008, transfer_loss: 0.6895, total_Loss: 1.0351, val_loss 0.0013, val_acc: 100.0000, The current lr 0.000900

Epoch: [88/500], cls_loss: 0.0014, transfer_loss: 0.6917, total_Loss: 1.0389, val_loss 0.0017, val_acc: 99.8611, The current lr 0.000900

Epoch: [89/500], cls_loss: 0.0014, transfer_loss: 0.6908, total_Loss: 1.0375, val_loss 0.0041, val_acc: 99.7222, The current lr 0.000900

Epoch: [90/500], cls_loss: 0.0029, transfer_loss: 0.6924, total_Loss: 1.0415, val_loss 0.0018, val_acc: 100.0000, The current lr 0.000900

Epoch: [91/500], cls_loss: 0.0028, transfer_loss: 0.6910, total_Loss: 1.0392, val_loss 0.0043, val_acc: 99.8611, The current lr 0.000900

Epoch: [92/500], cls_loss: 0.0010, transfer_loss: 0.6917, total_Loss: 1.0385, val_loss 0.0008, val_acc: 100.0000, The current lr 0.000900

Epoch: [93/500], cls_loss: 0.0019, transfer_loss: 0.6923, total_Loss: 1.0403, val_loss 0.0005, val_acc: 100.0000, The current lr 0.000900

Epoch: [94/500], cls_loss: 0.0017, transfer_loss: 0.6932, total_Loss: 1.0415, val_loss 0.0024, val_acc: 99.8611, The current lr 0.000900

Epoch: [95/500], cls_loss: 0.0017, transfer_loss: 0.6929, total_Loss: 1.0411, val_loss 0.0006, val_acc: 100.0000, The current lr 0.000900

Epoch: [96/500], cls_loss: 0.0032, transfer_loss: 0.6929, total_Loss: 1.0425, val_loss 0.0005, val_acc: 100.0000, The current lr 0.000900

Epoch: [97/500], cls_loss: 0.0035, transfer_loss: 0.6914, total_Loss: 1.0407, val_loss 0.0003, val_acc: 100.0000, The current lr 0.000900

Epoch: [98/500], cls_loss: 0.0013, transfer_loss: 0.6913, total_Loss: 1.0383, val_loss 0.0005, val_acc: 100.0000, The current lr 0.000900

Epoch: [99/500], cls_loss: 0.0007, transfer_loss: 0.6925, total_Loss: 1.0394, val_loss 0.0014, val_acc: 99.8611, The current lr 0.000900

Epoch: [100/500], cls_loss: 0.0053, transfer_loss: 0.6918, total_Loss: 1.0430, val_loss 0.0101, val_acc: 99.7222, The current lr 0.000810

Epoch: [101/500], cls_loss: 0.0021, transfer_loss: 0.6920, total_Loss: 1.0401, val_loss 0.0031, val_acc: 99.7222, The current lr 0.000810

Epoch: [102/500], cls_loss: 0.0012, transfer_loss: 0.6929, total_Loss: 1.0406, val_loss 0.0033, val_acc: 99.8611, The current lr 0.000810

Epoch: [103/500], cls_loss: 0.0008, transfer_loss: 0.6918, total_Loss: 1.0386, val_loss 0.0008, val_acc: 100.0000, The current lr 0.000810

Epoch: [104/500], cls_loss: 0.0016, transfer_loss: 0.6909, total_Loss: 1.0380, val_loss 0.0019, val_acc: 99.8611, The current lr 0.000810

Epoch: [105/500], cls_loss: 0.0028, transfer_loss: 0.6929, total_Loss: 1.0421, val_loss 0.0035, val_acc: 99.8611, The current lr 0.000810

Epoch: [106/500], cls_loss: 0.0053, transfer_loss: 0.6907, total_Loss: 1.0414, val_loss 0.0002, val_acc: 100.0000, The current lr 0.000810

Epoch: [107/500], cls_loss: 0.0029, transfer_loss: 0.6898, total_Loss: 1.0376, val_loss 0.0009, val_acc: 100.0000, The current lr 0.000810

Epoch: [108/500], cls_loss: 0.0080, transfer_loss: 0.6910, total_Loss: 1.0444, val_loss 0.0008, val_acc: 100.0000, The current lr 0.000810

Epoch: [109/500], cls_loss: 0.0020, transfer_loss: 0.6924, total_Loss: 1.0407, val_loss 0.0027, val_acc: 99.8611, The current lr 0.000810

Epoch: [110/500], cls_loss: 0.0079, transfer_loss: 0.6927, total_Loss: 1.0469, val_loss 0.0018, val_acc: 99.8611, The current lr 0.000810

Epoch: [111/500], cls_loss: 0.0007, transfer_loss: 0.6897, total_Loss: 1.0352, val_loss 0.0004, val_acc: 100.0000, The current lr 0.000810

Epoch: [112/500], cls_loss: 0.0018, transfer_loss: 0.6926, total_Loss: 1.0407, val_loss 0.0012, val_acc: 100.0000, The current lr 0.000810

Epoch: [113/500], cls_loss: 0.0046, transfer_loss: 0.6917, total_Loss: 1.0421, val_loss 0.0005, val_acc: 100.0000, The current lr 0.000810

Epoch: [114/500], cls_loss: 0.0127, transfer_loss: 0.6917, total_Loss: 1.0503, val_loss 0.0006, val_acc: 100.0000, The current lr 0.000810

Epoch: [115/500], cls_loss: 0.0077, transfer_loss: 0.6909, total_Loss: 1.0441, val_loss 0.0001, val_acc: 100.0000, The current lr 0.000810

Epoch: [116/500], cls_loss: 0.0017, transfer_loss: 0.6905, total_Loss: 1.0375, val_loss 0.0001, val_acc: 100.0000, The current lr 0.000810

Epoch: [117/500], cls_loss: 0.0009, transfer_loss: 0.6885, total_Loss: 1.0336, val_loss 0.0022, val_acc: 100.0000, The current lr 0.000810

Epoch: [118/500], cls_loss: 0.0027, transfer_loss: 0.6927, total_Loss: 1.0418, val_loss 0.0005, val_acc: 100.0000, The current lr 0.000810

Epoch: [119/500], cls_loss: 0.0013, transfer_loss: 0.6903, total_Loss: 1.0367, val_loss 0.0008, val_acc: 100.0000, The current lr 0.000810

Epoch: [120/500], cls_loss: 0.0014, transfer_loss: 0.6925, total_Loss: 1.0402, val_loss 0.0002, val_acc: 100.0000, The current lr 0.000810

Epoch: [121/500], cls_loss: 0.0011, transfer_loss: 0.6931, total_Loss: 1.0406, val_loss 0.0003, val_acc: 100.0000, The current lr 0.000810

Epoch: [122/500], cls_loss: 0.0020, transfer_loss: 0.6916, total_Loss: 1.0394, val_loss 0.0011, val_acc: 100.0000, The current lr 0.000810

Epoch: [123/500], cls_loss: 0.0015, transfer_loss: 0.6923, total_Loss: 1.0399, val_loss 0.0015, val_acc: 100.0000, The current lr 0.000810

Epoch: [124/500], cls_loss: 0.0009, transfer_loss: 0.6914, total_Loss: 1.0380, val_loss 0.0009, val_acc: 100.0000, The current lr 0.000810

Epoch: [125/500], cls_loss: 0.0030, transfer_loss: 0.6912, total_Loss: 1.0398, val_loss 0.0057, val_acc: 99.7222, The current lr 0.000810

Epoch: [126/500], cls_loss: 0.0018, transfer_loss: 0.6910, total_Loss: 1.0383, val_loss 0.0004, val_acc: 100.0000, The current lr 0.000810

Epoch: [127/500], cls_loss: 0.0009, transfer_loss: 0.6915, total_Loss: 1.0382, val_loss 0.0009, val_acc: 100.0000, The current lr 0.000810

Epoch: [128/500], cls_loss: 0.0022, transfer_loss: 0.6918, total_Loss: 1.0399, val_loss 0.0011, val_acc: 100.0000, The current lr 0.000810

Epoch: [129/500], cls_loss: 0.0014, transfer_loss: 0.6916, total_Loss: 1.0389, val_loss 0.0000, val_acc: 100.0000, The current lr 0.000810

Epoch: [130/500], cls_loss: 0.0005, transfer_loss: 0.6935, total_Loss: 1.0408, val_loss 0.0002, val_acc: 100.0000, The current lr 0.000810

Epoch: [131/500], cls_loss: 0.0006, transfer_loss: 0.6917, total_Loss: 1.0382, val_loss 0.0001, val_acc: 100.0000, The current lr 0.000810

Epoch: [132/500], cls_loss: 0.0016, transfer_loss: 0.6917, total_Loss: 1.0391, val_loss 0.0003, val_acc: 100.0000, The current lr 0.000810

Epoch: [133/500], cls_loss: 0.0025, transfer_loss: 0.6915, total_Loss: 1.0397, val_loss 0.0003, val_acc: 100.0000, The current lr 0.000810

Epoch: [134/500], cls_loss: 0.0029, transfer_loss: 0.6919, total_Loss: 1.0408, val_loss 0.0003, val_acc: 100.0000, The current lr 0.000810

Epoch: [135/500], cls_loss: 0.0033, transfer_loss: 0.6910, total_Loss: 1.0398, val_loss 0.0008, val_acc: 100.0000, The current lr 0.000810

Epoch: [136/500], cls_loss: 0.0015, transfer_loss: 0.6938, total_Loss: 1.0422, val_loss 0.0005, val_acc: 100.0000, The current lr 0.000810

Epoch: [137/500], cls_loss: 0.0008, transfer_loss: 0.6913, total_Loss: 1.0378, val_loss 0.0007, val_acc: 100.0000, The current lr 0.000810

Epoch: [138/500], cls_loss: 0.0019, transfer_loss: 0.6921, total_Loss: 1.0400, val_loss 0.0002, val_acc: 100.0000, The current lr 0.000810

Epoch: [139/500], cls_loss: 0.0019, transfer_loss: 0.6919, total_Loss: 1.0398, val_loss 0.0035, val_acc: 99.8611, The current lr 0.000810

Epoch: [140/500], cls_loss: 0.0020, transfer_loss: 0.6941, total_Loss: 1.0431, val_loss 0.0003, val_acc: 100.0000, The current lr 0.000810

Epoch: [141/500], cls_loss: 0.0018, transfer_loss: 0.6922, total_Loss: 1.0401, val_loss 0.0005, val_acc: 100.0000, The current lr 0.000810

Epoch: [142/500], cls_loss: 0.0022, transfer_loss: 0.6914, total_Loss: 1.0394, val_loss 0.0001, val_acc: 100.0000, The current lr 0.000810

Epoch: [143/500], cls_loss: 0.0014, transfer_loss: 0.6919, total_Loss: 1.0392, val_loss 0.0002, val_acc: 100.0000, The current lr 0.000810

Epoch: [144/500], cls_loss: 0.0017, transfer_loss: 0.6919, total_Loss: 1.0395, val_loss 0.0025, val_acc: 99.8611, The current lr 0.000810

Epoch: [145/500], cls_loss: 0.0036, transfer_loss: 0.6916, total_Loss: 1.0410, val_loss 0.0930, val_acc: 96.2500, The current lr 0.000810

Epoch: [146/500], cls_loss: 0.0016, transfer_loss: 0.6919, total_Loss: 1.0394, val_loss 0.0001, val_acc: 100.0000, The current lr 0.000810

Epoch: [147/500], cls_loss: 0.0016, transfer_loss: 0.6925, total_Loss: 1.0404, val_loss 0.0002, val_acc: 100.0000, The current lr 0.000810

Epoch: [148/500], cls_loss: 0.0051, transfer_loss: 0.6910, total_Loss: 1.0416, val_loss 0.0005, val_acc: 100.0000, The current lr 0.000810

Epoch: [149/500], cls_loss: 0.0029, transfer_loss: 0.6901, total_Loss: 1.0381, val_loss 0.0001, val_acc: 100.0000, The current lr 0.000810

Epoch: [150/500], cls_loss: 0.0017, transfer_loss: 0.6908, total_Loss: 1.0379, val_loss 0.0005, val_acc: 100.0000, The current lr 0.000729

Epoch: [151/500], cls_loss: 0.0030, transfer_loss: 0.6916, total_Loss: 1.0405, val_loss 0.0000, val_acc: 100.0000, The current lr 0.000729

Epoch: [152/500], cls_loss: 0.0012, transfer_loss: 0.6914, total_Loss: 1.0383, val_loss 0.0005, val_acc: 100.0000, The current lr 0.000729

Epoch: [153/500], cls_loss: 0.0013, transfer_loss: 0.6914, total_Loss: 1.0384, val_loss 0.0054, val_acc: 99.7222, The current lr 0.000729

Epoch: [154/500], cls_loss: 0.0017, transfer_loss: 0.6904, total_Loss: 1.0373, val_loss 0.0120, val_acc: 99.5833, The current lr 0.000729

Epoch: [155/500], cls_loss: 0.0012, transfer_loss: 0.6920, total_Loss: 1.0392, val_loss 0.0015, val_acc: 100.0000, The current lr 0.000729

Epoch: [156/500], cls_loss: 0.0023, transfer_loss: 0.6921, total_Loss: 1.0404, val_loss 0.0003, val_acc: 100.0000, The current lr 0.000729

Epoch: [157/500], cls_loss: 0.0008, transfer_loss: 0.6911, total_Loss: 1.0375, val_loss 0.0003, val_acc: 100.0000, The current lr 0.000729

Epoch: [158/500], cls_loss: 0.0007, transfer_loss: 0.6919, total_Loss: 1.0385, val_loss 0.0005, val_acc: 100.0000, The current lr 0.000729

Epoch: [159/500], cls_loss: 0.0046, transfer_loss: 0.6929, total_Loss: 1.0439, val_loss 0.0003, val_acc: 100.0000, The current lr 0.000729

Epoch: [160/500], cls_loss: 0.0009, transfer_loss: 0.6903, total_Loss: 1.0362, val_loss 0.0010, val_acc: 100.0000, The current lr 0.000729

Epoch: [161/500], cls_loss: 0.0008, transfer_loss: 0.6899, total_Loss: 1.0357, val_loss 0.0012, val_acc: 100.0000, The current lr 0.000729

Epoch: [162/500], cls_loss: 0.0014, transfer_loss: 0.6910, total_Loss: 1.0379, val_loss 0.0010, val_acc: 100.0000, The current lr 0.000729

Epoch: [163/500], cls_loss: 0.0021, transfer_loss: 0.6913, total_Loss: 1.0391, val_loss 0.0003, val_acc: 100.0000, The current lr 0.000729

Epoch: [164/500], cls_loss: 0.0015, transfer_loss: 0.6901, total_Loss: 1.0367, val_loss 0.0122, val_acc: 99.5833, The current lr 0.000729

Epoch: [165/500], cls_loss: 0.0012, transfer_loss: 0.6910, total_Loss: 1.0378, val_loss 0.0003, val_acc: 100.0000, The current lr 0.000729

Epoch: [166/500], cls_loss: 0.0009, transfer_loss: 0.6911, total_Loss: 1.0375, val_loss 0.0016, val_acc: 99.8611, The current lr 0.000729

Epoch: [167/500], cls_loss: 0.0013, transfer_loss: 0.6906, total_Loss: 1.0372, val_loss 0.0001, val_acc: 100.0000, The current lr 0.000729

Epoch: [168/500], cls_loss: 0.0011, transfer_loss: 0.6913, total_Loss: 1.0380, val_loss 0.0004, val_acc: 100.0000, The current lr 0.000729

Epoch: [169/500], cls_loss: 0.0016, transfer_loss: 0.6930, total_Loss: 1.0411, val_loss 0.0014, val_acc: 100.0000, The current lr 0.000729

Epoch: [170/500], cls_loss: 0.0010, transfer_loss: 0.6917, total_Loss: 1.0385, val_loss 0.0038, val_acc: 99.8611, The current lr 0.000729

Epoch: [171/500], cls_loss: 0.0046, transfer_loss: 0.6905, total_Loss: 1.0403, val_loss 0.0002, val_acc: 100.0000, The current lr 0.000729

Epoch: [172/500], cls_loss: 0.0012, transfer_loss: 0.6899, total_Loss: 1.0361, val_loss 0.0003, val_acc: 100.0000, The current lr 0.000729

Epoch: [173/500], cls_loss: 0.0035, transfer_loss: 0.6919, total_Loss: 1.0413, val_loss 0.0010, val_acc: 100.0000, The current lr 0.000729

Epoch: [174/500], cls_loss: 0.0015, transfer_loss: 0.6911, total_Loss: 1.0382, val_loss 0.0001, val_acc: 100.0000, The current lr 0.000729

Epoch: [175/500], cls_loss: 0.0037, transfer_loss: 0.6904, total_Loss: 1.0393, val_loss 0.0030, val_acc: 99.8611, The current lr 0.000729

Epoch: [176/500], cls_loss: 0.0030, transfer_loss: 0.6910, total_Loss: 1.0396, val_loss 0.0024, val_acc: 99.8611, The current lr 0.000729

Epoch: [177/500], cls_loss: 0.0020, transfer_loss: 0.6902, total_Loss: 1.0374, val_loss 0.0009, val_acc: 100.0000, The current lr 0.000729

Epoch: [178/500], cls_loss: 0.0011, transfer_loss: 0.6906, total_Loss: 1.0370, val_loss 0.0001, val_acc: 100.0000, The current lr 0.000729

Epoch: [179/500], cls_loss: 0.0019, transfer_loss: 0.6909, total_Loss: 1.0383, val_loss 0.0003, val_acc: 100.0000, The current lr 0.000729

Epoch: [180/500], cls_loss: 0.0026, transfer_loss: 0.6903, total_Loss: 1.0380, val_loss 0.0006, val_acc: 100.0000, The current lr 0.000729

Epoch: [181/500], cls_loss: 0.0016, transfer_loss: 0.6908, total_Loss: 1.0379, val_loss 0.0012, val_acc: 100.0000, The current lr 0.000729

Epoch: [182/500], cls_loss: 0.0022, transfer_loss: 0.6901, total_Loss: 1.0373, val_loss 0.0004, val_acc: 100.0000, The current lr 0.000729

Epoch: [183/500], cls_loss: 0.0019, transfer_loss: 0.6903, total_Loss: 1.0374, val_loss 0.0007, val_acc: 100.0000, The current lr 0.000729

Epoch: [184/500], cls_loss: 0.0019, transfer_loss: 0.6903, total_Loss: 1.0374, val_loss 0.0000, val_acc: 100.0000, The current lr 0.000729

Epoch: [185/500], cls_loss: 0.0011, transfer_loss: 0.6911, total_Loss: 1.0378, val_loss 0.0000, val_acc: 100.0000, The current lr 0.000729

Epoch: [186/500], cls_loss: 0.0025, transfer_loss: 0.6912, total_Loss: 1.0393, val_loss 0.0002, val_acc: 100.0000, The current lr 0.000729

Epoch: [187/500], cls_loss: 0.0007, transfer_loss: 0.6913, total_Loss: 1.0377, val_loss 0.0002, val_acc: 100.0000, The current lr 0.000729

Epoch: [188/500], cls_loss: 0.0009, transfer_loss: 0.6899, total_Loss: 1.0358, val_loss 0.0002, val_acc: 100.0000, The current lr 0.000729

Epoch: [189/500], cls_loss: 0.0013, transfer_loss: 0.6910, total_Loss: 1.0378, val_loss 0.0002, val_acc: 100.0000, The current lr 0.000729

Epoch: [190/500], cls_loss: 0.0013, transfer_loss: 0.6919, total_Loss: 1.0391, val_loss 0.0003, val_acc: 100.0000, The current lr 0.000729

Epoch: [191/500], cls_loss: 0.0009, transfer_loss: 0.6915, total_Loss: 1.0382, val_loss 0.0012, val_acc: 100.0000, The current lr 0.000729

Epoch: [192/500], cls_loss: 0.0021, transfer_loss: 0.6910, total_Loss: 1.0385, val_loss 0.0001, val_acc: 100.0000, The current lr 0.000729

Epoch: [193/500], cls_loss: 0.0013, transfer_loss: 0.6922, total_Loss: 1.0396, val_loss 0.0001, val_acc: 100.0000, The current lr 0.000729

Epoch: [194/500], cls_loss: 0.0033, transfer_loss: 0.6921, total_Loss: 1.0413, val_loss 0.0001, val_acc: 100.0000, The current lr 0.000729

Epoch: [195/500], cls_loss: 0.0039, transfer_loss: 0.6914, total_Loss: 1.0409, val_loss 0.0009, val_acc: 100.0000, The current lr 0.000729

Epoch: [196/500], cls_loss: 0.0020, transfer_loss: 0.6921, total_Loss: 1.0402, val_loss 0.0004, val_acc: 100.0000, The current lr 0.000729

Epoch: [197/500], cls_loss: 0.0012, transfer_loss: 0.6923, total_Loss: 1.0397, val_loss 0.0007, val_acc: 100.0000, The current lr 0.000729

Epoch: [198/500], cls_loss: 0.0020, transfer_loss: 0.6925, total_Loss: 1.0407, val_loss 0.0031, val_acc: 99.8611, The current lr 0.000729

Epoch: [199/500], cls_loss: 0.0020, transfer_loss: 0.6927, total_Loss: 1.0410, val_loss 0.0002, val_acc: 100.0000, The current lr 0.000729

Epoch: [200/500], cls_loss: 0.0022, transfer_loss: 0.6921, total_Loss: 1.0403, val_loss 0.0001, val_acc: 100.0000, The current lr 0.000656

Epoch: [201/500], cls_loss: 0.0009, transfer_loss: 0.6910, total_Loss: 1.0375, val_loss 0.0004, val_acc: 100.0000, The current lr 0.000656

Epoch: [202/500], cls_loss: 0.0029, transfer_loss: 0.6916, total_Loss: 1.0402, val_loss 0.0001, val_acc: 100.0000, The current lr 0.000656

Epoch: [203/500], cls_loss: 0.0019, transfer_loss: 0.6917, total_Loss: 1.0395, val_loss 0.0001, val_acc: 100.0000, The current lr 0.000656

Epoch: [204/500], cls_loss: 0.0014, transfer_loss: 0.6917, total_Loss: 1.0390, val_loss 0.0000, val_acc: 100.0000, The current lr 0.000656

Epoch: [205/500], cls_loss: 0.0017, transfer_loss: 0.6917, total_Loss: 1.0392, val_loss 0.0001, val_acc: 100.0000, The current lr 0.000656

Epoch: [206/500], cls_loss: 0.0013, transfer_loss: 0.6900, total_Loss: 1.0362, val_loss 0.0003, val_acc: 100.0000, The current lr 0.000656

Epoch: [207/500], cls_loss: 0.0009, transfer_loss: 0.6913, total_Loss: 1.0379, val_loss 0.0003, val_acc: 100.0000, The current lr 0.000656

Epoch: [208/500], cls_loss: 0.0024, transfer_loss: 0.6914, total_Loss: 1.0394, val_loss 0.0001, val_acc: 100.0000, The current lr 0.000656

Epoch: [209/500], cls_loss: 0.0015, transfer_loss: 0.6911, total_Loss: 1.0381, val_loss 0.0001, val_acc: 100.0000, The current lr 0.000656

Epoch: [210/500], cls_loss: 0.0021, transfer_loss: 0.6913, total_Loss: 1.0390, val_loss 0.0007, val_acc: 100.0000, The current lr 0.000656

Epoch: [211/500], cls_loss: 0.0014, transfer_loss: 0.6900, total_Loss: 1.0364, val_loss 0.0001, val_acc: 100.0000, The current lr 0.000656

Epoch: [212/500], cls_loss: 0.0014, transfer_loss: 0.6917, total_Loss: 1.0390, val_loss 0.0002, val_acc: 100.0000, The current lr 0.000656

Epoch: [213/500], cls_loss: 0.0008, transfer_loss: 0.6925, total_Loss: 1.0395, val_loss 0.0002, val_acc: 100.0000, The current lr 0.000656

Epoch: [214/500], cls_loss: 0.0011, transfer_loss: 0.6895, total_Loss: 1.0352, val_loss 0.0002, val_acc: 100.0000, The current lr 0.000656

Epoch: [215/500], cls_loss: 0.0010, transfer_loss: 0.6926, total_Loss: 1.0399, val_loss 0.0005, val_acc: 100.0000, The current lr 0.000656

Epoch: [216/500], cls_loss: 0.0011, transfer_loss: 0.6910, total_Loss: 1.0376, val_loss 0.0003, val_acc: 100.0000, The current lr 0.000656

Epoch: [217/500], cls_loss: 0.0035, transfer_loss: 0.6926, total_Loss: 1.0424, val_loss 0.0001, val_acc: 100.0000, The current lr 0.000656

Epoch: [218/500], cls_loss: 0.0008, transfer_loss: 0.6902, total_Loss: 1.0361, val_loss 0.0001, val_acc: 100.0000, The current lr 0.000656

Epoch: [219/500], cls_loss: 0.0004, transfer_loss: 0.6905, total_Loss: 1.0362, val_loss 0.0001, val_acc: 100.0000, The current lr 0.000656

Epoch: [220/500], cls_loss: 0.0011, transfer_loss: 0.6919, total_Loss: 1.0389, val_loss 0.0003, val_acc: 100.0000, The current lr 0.000656

Epoch: [221/500], cls_loss: 0.0034, transfer_loss: 0.6925, total_Loss: 1.0421, val_loss 0.0001, val_acc: 100.0000, The current lr 0.000656

Epoch: [222/500], cls_loss: 0.0008, transfer_loss: 0.6911, total_Loss: 1.0374, val_loss 0.0008, val_acc: 100.0000, The current lr 0.000656

Epoch: [223/500], cls_loss: 0.0034, transfer_loss: 0.6921, total_Loss: 1.0416, val_loss 0.0049, val_acc: 99.8611, The current lr 0.000656

Epoch: [224/500], cls_loss: 0.0012, transfer_loss: 0.6920, total_Loss: 1.0392, val_loss 0.0054, val_acc: 99.8611, The current lr 0.000656

Epoch: [225/500], cls_loss: 0.0016, transfer_loss: 0.6920, total_Loss: 1.0395, val_loss 0.0006, val_acc: 100.0000, The current lr 0.000656

Epoch: [226/500], cls_loss: 0.0010, transfer_loss: 0.6927, total_Loss: 1.0400, val_loss 0.0004, val_acc: 100.0000, The current lr 0.000656

Epoch: [227/500], cls_loss: 0.0014, transfer_loss: 0.6916, total_Loss: 1.0388, val_loss 0.0006, val_acc: 100.0000, The current lr 0.000656

Epoch: [228/500], cls_loss: 0.0032, transfer_loss: 0.6912, total_Loss: 1.0401, val_loss 0.0010, val_acc: 100.0000, The current lr 0.000656

Epoch: [229/500], cls_loss: 0.0013, transfer_loss: 0.6929, total_Loss: 1.0407, val_loss 0.0012, val_acc: 100.0000, The current lr 0.000656

Epoch: [230/500], cls_loss: 0.0019, transfer_loss: 0.6914, total_Loss: 1.0390, val_loss 0.0002, val_acc: 100.0000, The current lr 0.000656

Epoch: [231/500], cls_loss: 0.0013, transfer_loss: 0.6918, total_Loss: 1.0390, val_loss 0.0004, val_acc: 100.0000, The current lr 0.000656

Epoch: [232/500], cls_loss: 0.0007, transfer_loss: 0.6915, total_Loss: 1.0379, val_loss 0.0003, val_acc: 100.0000, The current lr 0.000656

Epoch: [233/500], cls_loss: 0.0016, transfer_loss: 0.6919, total_Loss: 1.0394, val_loss 0.0007, val_acc: 100.0000, The current lr 0.000656

Epoch: [234/500], cls_loss: 0.0010, transfer_loss: 0.6924, total_Loss: 1.0397, val_loss 0.0002, val_acc: 100.0000, The current lr 0.000656

Epoch: [235/500], cls_loss: 0.0033, transfer_loss: 0.6919, total_Loss: 1.0411, val_loss 0.0030, val_acc: 99.8611, The current lr 0.000656

Epoch: [236/500], cls_loss: 0.0007, transfer_loss: 0.6928, total_Loss: 1.0400, val_loss 0.0030, val_acc: 99.8611, The current lr 0.000656

Epoch: [237/500], cls_loss: 0.0008, transfer_loss: 0.6923, total_Loss: 1.0392, val_loss 0.0017, val_acc: 99.8611, The current lr 0.000656

Epoch: [238/500], cls_loss: 0.0019, transfer_loss: 0.6924, total_Loss: 1.0404, val_loss 0.0002, val_acc: 100.0000, The current lr 0.000656

Epoch: [239/500], cls_loss: 0.0020, transfer_loss: 0.6930, total_Loss: 1.0416, val_loss 0.0055, val_acc: 99.7222, The current lr 0.000656

Epoch: [240/500], cls_loss: 0.0013, transfer_loss: 0.6920, total_Loss: 1.0394, val_loss 0.0007, val_acc: 100.0000, The current lr 0.000656

Epoch: [241/500], cls_loss: 0.0013, transfer_loss: 0.6924, total_Loss: 1.0399, val_loss 0.0003, val_acc: 100.0000, The current lr 0.000656

Epoch: [242/500], cls_loss: 0.0031, transfer_loss: 0.6930, total_Loss: 1.0426, val_loss 0.0001, val_acc: 100.0000, The current lr 0.000656

Epoch: [243/500], cls_loss: 0.0009, transfer_loss: 0.6921, total_Loss: 1.0391, val_loss 0.0004, val_acc: 100.0000, The current lr 0.000656

Epoch: [244/500], cls_loss: 0.0009, transfer_loss: 0.6921, total_Loss: 1.0391, val_loss 0.0001, val_acc: 100.0000, The current lr 0.000656

Epoch: [245/500], cls_loss: 0.0008, transfer_loss: 0.6924, total_Loss: 1.0393, val_loss 0.0009, val_acc: 100.0000, The current lr 0.000656

Epoch: [246/500], cls_loss: 0.0019, transfer_loss: 0.6922, total_Loss: 1.0402, val_loss 0.0007, val_acc: 100.0000, The current lr 0.000656

Epoch: [247/500], cls_loss: 0.0021, transfer_loss: 0.6923, total_Loss: 1.0406, val_loss 0.0004, val_acc: 100.0000, The current lr 0.000656

Epoch: [248/500], cls_loss: 0.0006, transfer_loss: 0.6922, total_Loss: 1.0389, val_loss 0.0005, val_acc: 100.0000, The current lr 0.000656

Epoch: [249/500], cls_loss: 0.0016, transfer_loss: 0.6915, total_Loss: 1.0389, val_loss 0.0000, val_acc: 100.0000, The current lr 0.000656

Epoch: [250/500], cls_loss: 0.0018, transfer_loss: 0.6920, total_Loss: 1.0397, val_loss 0.0002, val_acc: 100.0000, The current lr 0.000590

Epoch: [251/500], cls_loss: 0.0005, transfer_loss: 0.6906, total_Loss: 1.0364, val_loss 0.0001, val_acc: 100.0000, The current lr 0.000590

Epoch: [252/500], cls_loss: 0.0008, transfer_loss: 0.6924, total_Loss: 1.0394, val_loss 0.0001, val_acc: 100.0000, The current lr 0.000590

Epoch: [253/500], cls_loss: 0.0008, transfer_loss: 0.6915, total_Loss: 1.0380, val_loss 0.0003, val_acc: 100.0000, The current lr 0.000590

Epoch: [254/500], cls_loss: 0.0011, transfer_loss: 0.6928, total_Loss: 1.0403, val_loss 0.0006, val_acc: 100.0000, The current lr 0.000590

Epoch: [255/500], cls_loss: 0.0025, transfer_loss: 0.6911, total_Loss: 1.0392, val_loss 0.0010, val_acc: 100.0000, The current lr 0.000590

Epoch: [256/500], cls_loss: 0.0022, transfer_loss: 0.6924, total_Loss: 1.0407, val_loss 0.0002, val_acc: 100.0000, The current lr 0.000590

Epoch: [257/500], cls_loss: 0.0011, transfer_loss: 0.6917, total_Loss: 1.0387, val_loss 0.0004, val_acc: 100.0000, The current lr 0.000590

Epoch: [258/500], cls_loss: 0.0069, transfer_loss: 0.6923, total_Loss: 1.0453, val_loss 0.0002, val_acc: 100.0000, The current lr 0.000590

Epoch: [259/500], cls_loss: 0.0011, transfer_loss: 0.6913, total_Loss: 1.0381, val_loss 0.0000, val_acc: 100.0000, The current lr 0.000590

Epoch: [260/500], cls_loss: 0.0024, transfer_loss: 0.6921, total_Loss: 1.0405, val_loss 0.0001, val_acc: 100.0000, The current lr 0.000590

Epoch: [261/500], cls_loss: 0.0009, transfer_loss: 0.6924, total_Loss: 1.0395, val_loss 0.0009, val_acc: 100.0000, The current lr 0.000590

Epoch: [262/500], cls_loss: 0.0011, transfer_loss: 0.6926, total_Loss: 1.0401, val_loss 0.0002, val_acc: 100.0000, The current lr 0.000590

Epoch: [263/500], cls_loss: 0.0007, transfer_loss: 0.6919, total_Loss: 1.0385, val_loss 0.0007, val_acc: 100.0000, The current lr 0.000590

Epoch: [264/500], cls_loss: 0.0008, transfer_loss: 0.6919, total_Loss: 1.0386, val_loss 0.0003, val_acc: 100.0000, The current lr 0.000590

Epoch: [265/500], cls_loss: 0.0008, transfer_loss: 0.6923, total_Loss: 1.0393, val_loss 0.0004, val_acc: 100.0000, The current lr 0.000590

Epoch: [266/500], cls_loss: 0.0008, transfer_loss: 0.6923, total_Loss: 1.0393, val_loss 0.0004, val_acc: 100.0000, The current lr 0.000590

Epoch: [267/500], cls_loss: 0.0013, transfer_loss: 0.6923, total_Loss: 1.0397, val_loss 0.0004, val_acc: 100.0000, The current lr 0.000590

Epoch: [268/500], cls_loss: 0.0020, transfer_loss: 0.6926, total_Loss: 1.0409, val_loss 0.0001, val_acc: 100.0000, The current lr 0.000590

Epoch: [269/500], cls_loss: 0.0025, transfer_loss: 0.6905, total_Loss: 1.0383, val_loss 0.0001, val_acc: 100.0000, The current lr 0.000590

Epoch: [270/500], cls_loss: 0.0017, transfer_loss: 0.6922, total_Loss: 1.0400, val_loss 0.0001, val_acc: 100.0000, The current lr 0.000590

Epoch: [271/500], cls_loss: 0.0010, transfer_loss: 0.6921, total_Loss: 1.0391, val_loss 0.0001, val_acc: 100.0000, The current lr 0.000590

Epoch: [272/500], cls_loss: 0.0017, transfer_loss: 0.6920, total_Loss: 1.0397, val_loss 0.0017, val_acc: 99.8611, The current lr 0.000590

Epoch: [273/500], cls_loss: 0.0012, transfer_loss: 0.6917, total_Loss: 1.0387, val_loss 0.0011, val_acc: 100.0000, The current lr 0.000590

Epoch: [274/500], cls_loss: 0.0007, transfer_loss: 0.6921, total_Loss: 1.0388, val_loss 0.0003, val_acc: 100.0000, The current lr 0.000590

Epoch: [275/500], cls_loss: 0.0013, transfer_loss: 0.6913, total_Loss: 1.0383, val_loss 0.0012, val_acc: 100.0000, The current lr 0.000590

Epoch: [276/500], cls_loss: 0.0007, transfer_loss: 0.6916, total_Loss: 1.0381, val_loss 0.0003, val_acc: 100.0000, The current lr 0.000590

Epoch: [277/500], cls_loss: 0.0007, transfer_loss: 0.6923, total_Loss: 1.0392, val_loss 0.0023, val_acc: 99.8611, The current lr 0.000590

Epoch: [278/500], cls_loss: 0.0005, transfer_loss: 0.6925, total_Loss: 1.0392, val_loss 0.0006, val_acc: 100.0000, The current lr 0.000590

Epoch: [279/500], cls_loss: 0.0008, transfer_loss: 0.6924, total_Loss: 1.0394, val_loss 0.0008, val_acc: 100.0000, The current lr 0.000590

Epoch: [280/500], cls_loss: 0.0014, transfer_loss: 0.6928, total_Loss: 1.0405, val_loss 0.0002, val_acc: 100.0000, The current lr 0.000590

Epoch: [281/500], cls_loss: 0.0018, transfer_loss: 0.6926, total_Loss: 1.0407, val_loss 0.0001, val_acc: 100.0000, The current lr 0.000590

Epoch: [282/500], cls_loss: 0.0032, transfer_loss: 0.6918, total_Loss: 1.0408, val_loss 0.0001, val_acc: 100.0000, The current lr 0.000590

Epoch: [283/500], cls_loss: 0.0019, transfer_loss: 0.6920, total_Loss: 1.0399, val_loss 0.0001, val_acc: 100.0000, The current lr 0.000590

Epoch: [284/500], cls_loss: 0.0021, transfer_loss: 0.6931, total_Loss: 1.0418, val_loss 0.0005, val_acc: 100.0000, The current lr 0.000590

Epoch: [285/500], cls_loss: 0.0022, transfer_loss: 0.6927, total_Loss: 1.0412, val_loss 0.0007, val_acc: 100.0000, The current lr 0.000590

Epoch: [286/500], cls_loss: 0.0017, transfer_loss: 0.6919, total_Loss: 1.0395, val_loss 0.0007, val_acc: 100.0000, The current lr 0.000590

Epoch: [287/500], cls_loss: 0.0007, transfer_loss: 0.6922, total_Loss: 1.0390, val_loss 0.0004, val_acc: 100.0000, The current lr 0.000590

Epoch: [288/500], cls_loss: 0.0010, transfer_loss: 0.6923, total_Loss: 1.0394, val_loss 0.0043, val_acc: 99.8611, The current lr 0.000590

Epoch: [289/500], cls_loss: 0.0045, transfer_loss: 0.6921, total_Loss: 1.0425, val_loss 0.0001, val_acc: 100.0000, The current lr 0.000590

Epoch: [290/500], cls_loss: 0.0011, transfer_loss: 0.6930, total_Loss: 1.0406, val_loss 0.0001, val_acc: 100.0000, The current lr 0.000590

Epoch: [291/500], cls_loss: 0.0008, transfer_loss: 0.6923, total_Loss: 1.0392, val_loss 0.0003, val_acc: 100.0000, The current lr 0.000590

Epoch: [292/500], cls_loss: 0.0012, transfer_loss: 0.6928, total_Loss: 1.0403, val_loss 0.0001, val_acc: 100.0000, The current lr 0.000590

Epoch: [293/500], cls_loss: 0.0018, transfer_loss: 0.6920, total_Loss: 1.0398, val_loss 0.0005, val_acc: 100.0000, The current lr 0.000590

Epoch: [294/500], cls_loss: 0.0007, transfer_loss: 0.6926, total_Loss: 1.0396, val_loss 0.0010, val_acc: 100.0000, The current lr 0.000590

Epoch: [295/500], cls_loss: 0.0033, transfer_loss: 0.6931, total_Loss: 1.0429, val_loss 0.0009, val_acc: 100.0000, The current lr 0.000590

Epoch: [296/500], cls_loss: 0.0011, transfer_loss: 0.6925, total_Loss: 1.0399, val_loss 0.0007, val_acc: 100.0000, The current lr 0.000590

Epoch: [297/500], cls_loss: 0.0010, transfer_loss: 0.6921, total_Loss: 1.0392, val_loss 0.0003, val_acc: 100.0000, The current lr 0.000590

Epoch: [298/500], cls_loss: 0.0014, transfer_loss: 0.6922, total_Loss: 1.0397, val_loss 0.0007, val_acc: 100.0000, The current lr 0.000590

Epoch: [299/500], cls_loss: 0.0010, transfer_loss: 0.6930, total_Loss: 1.0405, val_loss 0.0009, val_acc: 100.0000, The current lr 0.000590

Epoch: [300/500], cls_loss: 0.0006, transfer_loss: 0.6926, total_Loss: 1.0396, val_loss 0.0004, val_acc: 100.0000, The current lr 0.000531

Epoch: [301/500], cls_loss: 0.0012, transfer_loss: 0.6925, total_Loss: 1.0400, val_loss 0.0008, val_acc: 100.0000, The current lr 0.000531

Epoch: [302/500], cls_loss: 0.0012, transfer_loss: 0.6922, total_Loss: 1.0394, val_loss 0.0002, val_acc: 100.0000, The current lr 0.000531

Epoch: [303/500], cls_loss: 0.0011, transfer_loss: 0.6927, total_Loss: 1.0401, val_loss 0.0001, val_acc: 100.0000, The current lr 0.000531

Epoch: [304/500], cls_loss: 0.0008, transfer_loss: 0.6922, total_Loss: 1.0391, val_loss 0.0002, val_acc: 100.0000, The current lr 0.000531

Epoch: [305/500], cls_loss: 0.0007, transfer_loss: 0.6918, total_Loss: 1.0384, val_loss 0.0001, val_acc: 100.0000, The current lr 0.000531

Epoch: [306/500], cls_loss: 0.0009, transfer_loss: 0.6925, total_Loss: 1.0396, val_loss 0.0001, val_acc: 100.0000, The current lr 0.000531

Epoch: [307/500], cls_loss: 0.0007, transfer_loss: 0.6916, total_Loss: 1.0381, val_loss 0.0002, val_acc: 100.0000, The current lr 0.000531

Epoch: [308/500], cls_loss: 0.0012, transfer_loss: 0.6924, total_Loss: 1.0397, val_loss 0.0003, val_acc: 100.0000, The current lr 0.000531

Epoch: [309/500], cls_loss: 0.0008, transfer_loss: 0.6920, total_Loss: 1.0388, val_loss 0.0008, val_acc: 100.0000, The current lr 0.000531

Epoch: [310/500], cls_loss: 0.0015, transfer_loss: 0.6925, total_Loss: 1.0403, val_loss 0.0004, val_acc: 100.0000, The current lr 0.000531

Epoch: [311/500], cls_loss: 0.0009, transfer_loss: 0.6925, total_Loss: 1.0397, val_loss 0.0003, val_acc: 100.0000, The current lr 0.000531

Epoch: [312/500], cls_loss: 0.0013, transfer_loss: 0.6919, total_Loss: 1.0391, val_loss 0.0006, val_acc: 100.0000, The current lr 0.000531

Epoch: [313/500], cls_loss: 0.0010, transfer_loss: 0.6924, total_Loss: 1.0396, val_loss 0.0001, val_acc: 100.0000, The current lr 0.000531

Epoch: [314/500], cls_loss: 0.0035, transfer_loss: 0.6923, total_Loss: 1.0420, val_loss 0.0001, val_acc: 100.0000, The current lr 0.000531

Epoch: [315/500], cls_loss: 0.0021, transfer_loss: 0.6918, total_Loss: 1.0399, val_loss 0.0001, val_acc: 100.0000, The current lr 0.000531

Epoch: [316/500], cls_loss: 0.0011, transfer_loss: 0.6920, total_Loss: 1.0391, val_loss 0.0001, val_acc: 100.0000, The current lr 0.000531

Epoch: [317/500], cls_loss: 0.0021, transfer_loss: 0.6920, total_Loss: 1.0401, val_loss 0.0002, val_acc: 100.0000, The current lr 0.000531

Epoch: [318/500], cls_loss: 0.0013, transfer_loss: 0.6923, total_Loss: 1.0398, val_loss 0.0002, val_acc: 100.0000, The current lr 0.000531

Epoch: [319/500], cls_loss: 0.0008, transfer_loss: 0.6926, total_Loss: 1.0396, val_loss 0.0002, val_acc: 100.0000, The current lr 0.000531

Epoch: [320/500], cls_loss: 0.0016, transfer_loss: 0.6919, total_Loss: 1.0395, val_loss 0.0004, val_acc: 100.0000, The current lr 0.000531

Epoch: [321/500], cls_loss: 0.0023, transfer_loss: 0.6926, total_Loss: 1.0412, val_loss 0.0001, val_acc: 100.0000, The current lr 0.000531

Epoch: [322/500], cls_loss: 0.0008, transfer_loss: 0.6921, total_Loss: 1.0389, val_loss 0.0001, val_acc: 100.0000, The current lr 0.000531

Epoch: [323/500], cls_loss: 0.0008, transfer_loss: 0.6926, total_Loss: 1.0398, val_loss 0.0001, val_acc: 100.0000, The current lr 0.000531

Epoch: [324/500], cls_loss: 0.0006, transfer_loss: 0.6924, total_Loss: 1.0392, val_loss 0.0003, val_acc: 100.0000, The current lr 0.000531

Epoch: [325/500], cls_loss: 0.0010, transfer_loss: 0.6921, total_Loss: 1.0392, val_loss 0.0004, val_acc: 100.0000, The current lr 0.000531

Epoch: [326/500], cls_loss: 0.0008, transfer_loss: 0.6925, total_Loss: 1.0396, val_loss 0.0002, val_acc: 100.0000, The current lr 0.000531

Epoch: [327/500], cls_loss: 0.0006, transfer_loss: 0.6920, total_Loss: 1.0386, val_loss 0.0007, val_acc: 100.0000, The current lr 0.000531

Epoch: [328/500], cls_loss: 0.0025, transfer_loss: 0.6928, total_Loss: 1.0418, val_loss 0.0013, val_acc: 100.0000, The current lr 0.000531

Epoch: [329/500], cls_loss: 0.0013, transfer_loss: 0.6922, total_Loss: 1.0395, val_loss 0.0001, val_acc: 100.0000, The current lr 0.000531

Epoch: [330/500], cls_loss: 0.0005, transfer_loss: 0.6923, total_Loss: 1.0390, val_loss 0.0010, val_acc: 100.0000, The current lr 0.000531

Epoch: [331/500], cls_loss: 0.0009, transfer_loss: 0.6929, total_Loss: 1.0402, val_loss 0.0001, val_acc: 100.0000, The current lr 0.000531

Epoch: [332/500], cls_loss: 0.0005, transfer_loss: 0.6926, total_Loss: 1.0395, val_loss 0.0002, val_acc: 100.0000, The current lr 0.000531

Epoch: [333/500], cls_loss: 0.0005, transfer_loss: 0.6925, total_Loss: 1.0392, val_loss 0.0005, val_acc: 100.0000, The current lr 0.000531

Epoch: [334/500], cls_loss: 0.0012, transfer_loss: 0.6928, total_Loss: 1.0404, val_loss 0.0006, val_acc: 100.0000, The current lr 0.000531

Epoch: [335/500], cls_loss: 0.0040, transfer_loss: 0.6925, total_Loss: 1.0428, val_loss 0.0001, val_acc: 100.0000, The current lr 0.000531

Epoch: [336/500], cls_loss: 0.0009, transfer_loss: 0.6924, total_Loss: 1.0396, val_loss 0.0001, val_acc: 100.0000, The current lr 0.000531

Epoch: [337/500], cls_loss: 0.0009, transfer_loss: 0.6922, total_Loss: 1.0392, val_loss 0.0001, val_acc: 100.0000, The current lr 0.000531

Epoch: [338/500], cls_loss: 0.0009, transfer_loss: 0.6922, total_Loss: 1.0393, val_loss 0.0000, val_acc: 100.0000, The current lr 0.000531

Epoch: [339/500], cls_loss: 0.0005, transfer_loss: 0.6921, total_Loss: 1.0386, val_loss 0.0002, val_acc: 100.0000, The current lr 0.000531

Epoch: [340/500], cls_loss: 0.0007, transfer_loss: 0.6928, total_Loss: 1.0399, val_loss 0.0001, val_acc: 100.0000, The current lr 0.000531

Epoch: [341/500], cls_loss: 0.0019, transfer_loss: 0.6926, total_Loss: 1.0407, val_loss 0.0001, val_acc: 100.0000, The current lr 0.000531

Epoch: [342/500], cls_loss: 0.0017, transfer_loss: 0.6927, total_Loss: 1.0408, val_loss 0.0002, val_acc: 100.0000, The current lr 0.000531

Epoch: [343/500], cls_loss: 0.0020, transfer_loss: 0.6925, total_Loss: 1.0407, val_loss 0.0000, val_acc: 100.0000, The current lr 0.000531

Epoch: [344/500], cls_loss: 0.0009, transfer_loss: 0.6923, total_Loss: 1.0394, val_loss 0.0000, val_acc: 100.0000, The current lr 0.000531

Epoch: [345/500], cls_loss: 0.0013, transfer_loss: 0.6932, total_Loss: 1.0411, val_loss 0.0001, val_acc: 100.0000, The current lr 0.000531

Epoch: [346/500], cls_loss: 0.0011, transfer_loss: 0.6930, total_Loss: 1.0406, val_loss 0.0002, val_acc: 100.0000, The current lr 0.000531

Epoch: [347/500], cls_loss: 0.0009, transfer_loss: 0.6929, total_Loss: 1.0403, val_loss 0.0003, val_acc: 100.0000, The current lr 0.000531

Epoch: [348/500], cls_loss: 0.0012, transfer_loss: 0.6926, total_Loss: 1.0401, val_loss 0.0009, val_acc: 100.0000, The current lr 0.000531

Epoch: [349/500], cls_loss: 0.0005, transfer_loss: 0.6924, total_Loss: 1.0391, val_loss 0.0008, val_acc: 100.0000, The current lr 0.000531

Epoch: [350/500], cls_loss: 0.0027, transfer_loss: 0.6926, total_Loss: 1.0416, val_loss 0.0019, val_acc: 100.0000, The current lr 0.000478

Epoch: [351/500], cls_loss: 0.0014, transfer_loss: 0.6920, total_Loss: 1.0394, val_loss 0.0005, val_acc: 100.0000, The current lr 0.000478

Epoch: [352/500], cls_loss: 0.0009, transfer_loss: 0.6925, total_Loss: 1.0395, val_loss 0.0001, val_acc: 100.0000, The current lr 0.000478

Epoch: [353/500], cls_loss: 0.0004, transfer_loss: 0.6925, total_Loss: 1.0392, val_loss 0.0001, val_acc: 100.0000, The current lr 0.000478

Epoch: [354/500], cls_loss: 0.0015, transfer_loss: 0.6922, total_Loss: 1.0398, val_loss 0.0002, val_acc: 100.0000, The current lr 0.000478

Epoch: [355/500], cls_loss: 0.0007, transfer_loss: 0.6920, total_Loss: 1.0387, val_loss 0.0001, val_acc: 100.0000, The current lr 0.000478

Epoch: [356/500], cls_loss: 0.0014, transfer_loss: 0.6930, total_Loss: 1.0408, val_loss 0.0001, val_acc: 100.0000, The current lr 0.000478

Epoch: [357/500], cls_loss: 0.0006, transfer_loss: 0.6923, total_Loss: 1.0390, val_loss 0.0003, val_acc: 100.0000, The current lr 0.000478

Epoch: [358/500], cls_loss: 0.0009, transfer_loss: 0.6928, total_Loss: 1.0401, val_loss 0.0002, val_acc: 100.0000, The current lr 0.000478

Epoch: [359/500], cls_loss: 0.0011, transfer_loss: 0.6924, total_Loss: 1.0397, val_loss 0.0002, val_acc: 100.0000, The current lr 0.000478

Epoch: [360/500], cls_loss: 0.0011, transfer_loss: 0.6923, total_Loss: 1.0395, val_loss 0.0000, val_acc: 100.0000, The current lr 0.000478

Epoch: [361/500], cls_loss: 0.0017, transfer_loss: 0.6925, total_Loss: 1.0405, val_loss 0.0001, val_acc: 100.0000, The current lr 0.000478

Epoch: [362/500], cls_loss: 0.0013, transfer_loss: 0.6917, total_Loss: 1.0389, val_loss 0.0001, val_acc: 100.0000, The current lr 0.000478

Epoch: [363/500], cls_loss: 0.0008, transfer_loss: 0.6921, total_Loss: 1.0390, val_loss 0.0000, val_acc: 100.0000, The current lr 0.000478

Epoch: [364/500], cls_loss: 0.0013, transfer_loss: 0.6928, total_Loss: 1.0405, val_loss 0.0000, val_acc: 100.0000, The current lr 0.000478

Epoch: [365/500], cls_loss: 0.0035, transfer_loss: 0.6925, total_Loss: 1.0422, val_loss 0.0000, val_acc: 100.0000, The current lr 0.000478

Epoch: [366/500], cls_loss: 0.0011, transfer_loss: 0.6918, total_Loss: 1.0388, val_loss 0.0000, val_acc: 100.0000, The current lr 0.000478

Epoch: [367/500], cls_loss: 0.0024, transfer_loss: 0.6926, total_Loss: 1.0412, val_loss 0.0000, val_acc: 100.0000, The current lr 0.000478

Epoch: [368/500], cls_loss: 0.0010, transfer_loss: 0.6919, total_Loss: 1.0388, val_loss 0.0001, val_acc: 100.0000, The current lr 0.000478

Epoch: [369/500], cls_loss: 0.0010, transfer_loss: 0.6917, total_Loss: 1.0385, val_loss 0.0001, val_acc: 100.0000, The current lr 0.000478

Epoch: [370/500], cls_loss: 0.0009, transfer_loss: 0.6930, total_Loss: 1.0405, val_loss 0.0003, val_acc: 100.0000, The current lr 0.000478

Epoch: [371/500], cls_loss: 0.0009, transfer_loss: 0.6928, total_Loss: 1.0401, val_loss 0.0007, val_acc: 100.0000, The current lr 0.000478

Epoch: [372/500], cls_loss: 0.0011, transfer_loss: 0.6927, total_Loss: 1.0402, val_loss 0.0002, val_acc: 100.0000, The current lr 0.000478

Epoch: [373/500], cls_loss: 0.0009, transfer_loss: 0.6923, total_Loss: 1.0394, val_loss 0.0001, val_acc: 100.0000, The current lr 0.000478

Epoch: [374/500], cls_loss: 0.0007, transfer_loss: 0.6924, total_Loss: 1.0393, val_loss 0.0001, val_acc: 100.0000, The current lr 0.000478

Epoch: [375/500], cls_loss: 0.0007, transfer_loss: 0.6919, total_Loss: 1.0386, val_loss 0.0002, val_acc: 100.0000, The current lr 0.000478

Epoch: [376/500], cls_loss: 0.0008, transfer_loss: 0.6928, total_Loss: 1.0400, val_loss 0.0002, val_acc: 100.0000, The current lr 0.000478

Epoch: [377/500], cls_loss: 0.0009, transfer_loss: 0.6920, total_Loss: 1.0389, val_loss 0.0005, val_acc: 100.0000, The current lr 0.000478

Epoch: [378/500], cls_loss: 0.0006, transfer_loss: 0.6928, total_Loss: 1.0398, val_loss 0.0002, val_acc: 100.0000, The current lr 0.000478

Epoch: [379/500], cls_loss: 0.0012, transfer_loss: 0.6927, total_Loss: 1.0402, val_loss 0.0001, val_acc: 100.0000, The current lr 0.000478

Epoch: [380/500], cls_loss: 0.0010, transfer_loss: 0.6925, total_Loss: 1.0399, val_loss 0.0006, val_acc: 100.0000, The current lr 0.000478

Epoch: [381/500], cls_loss: 0.0008, transfer_loss: 0.6928, total_Loss: 1.0400, val_loss 0.0003, val_acc: 100.0000, The current lr 0.000478

Epoch: [382/500], cls_loss: 0.0016, transfer_loss: 0.6925, total_Loss: 1.0403, val_loss 0.0001, val_acc: 100.0000, The current lr 0.000478

Epoch: [383/500], cls_loss: 0.0032, transfer_loss: 0.6926, total_Loss: 1.0421, val_loss 0.0001, val_acc: 100.0000, The current lr 0.000478

Epoch: [384/500], cls_loss: 0.0018, transfer_loss: 0.6929, total_Loss: 1.0411, val_loss 0.0002, val_acc: 100.0000, The current lr 0.000478

Epoch: [385/500], cls_loss: 0.0010, transfer_loss: 0.6927, total_Loss: 1.0400, val_loss 0.0002, val_acc: 100.0000, The current lr 0.000478

Epoch: [386/500], cls_loss: 0.0025, transfer_loss: 0.6927, total_Loss: 1.0416, val_loss 0.0015, val_acc: 100.0000, The current lr 0.000478

Epoch: [387/500], cls_loss: 0.0009, transfer_loss: 0.6926, total_Loss: 1.0399, val_loss 0.0002, val_acc: 100.0000, The current lr 0.000478

Epoch: [388/500], cls_loss: 0.0009, transfer_loss: 0.6927, total_Loss: 1.0400, val_loss 0.0001, val_acc: 100.0000, The current lr 0.000478

Epoch: [389/500], cls_loss: 0.0016, transfer_loss: 0.6926, total_Loss: 1.0405, val_loss 0.0001, val_acc: 100.0000, The current lr 0.000478

Epoch: [390/500], cls_loss: 0.0016, transfer_loss: 0.6925, total_Loss: 1.0403, val_loss 0.0011, val_acc: 100.0000, The current lr 0.000478

Epoch: [391/500], cls_loss: 0.0054, transfer_loss: 0.6925, total_Loss: 1.0442, val_loss 0.0002, val_acc: 100.0000, The current lr 0.000478

Epoch: [392/500], cls_loss: 0.0013, transfer_loss: 0.6927, total_Loss: 1.0403, val_loss 0.0004, val_acc: 100.0000, The current lr 0.000478

Epoch: [393/500], cls_loss: 0.0006, transfer_loss: 0.6922, total_Loss: 1.0389, val_loss 0.0004, val_acc: 100.0000, The current lr 0.000478

Epoch: [394/500], cls_loss: 0.0005, transfer_loss: 0.6921, total_Loss: 1.0386, val_loss 0.0005, val_acc: 100.0000, The current lr 0.000478

Epoch: [395/500], cls_loss: 0.0006, transfer_loss: 0.6930, total_Loss: 1.0401, val_loss 0.0009, val_acc: 100.0000, The current lr 0.000478

Epoch: [396/500], cls_loss: 0.0012, transfer_loss: 0.6931, total_Loss: 1.0409, val_loss 0.0021, val_acc: 99.8611, The current lr 0.000478

Epoch: [397/500], cls_loss: 0.0007, transfer_loss: 0.6928, total_Loss: 1.0399, val_loss 0.0006, val_acc: 100.0000, The current lr 0.000478

Epoch: [398/500], cls_loss: 0.0009, transfer_loss: 0.6928, total_Loss: 1.0401, val_loss 0.0002, val_acc: 100.0000, The current lr 0.000478

Epoch: [399/500], cls_loss: 0.0012, transfer_loss: 0.6924, total_Loss: 1.0398, val_loss 0.0001, val_acc: 100.0000, The current lr 0.000478

Epoch: [400/500], cls_loss: 0.0007, transfer_loss: 0.6925, total_Loss: 1.0395, val_loss 0.0002, val_acc: 100.0000, The current lr 0.000430

Epoch: [401/500], cls_loss: 0.0005, transfer_loss: 0.6928, total_Loss: 1.0397, val_loss 0.0001, val_acc: 100.0000, The current lr 0.000430

Epoch: [402/500], cls_loss: 0.0009, transfer_loss: 0.6926, total_Loss: 1.0398, val_loss 0.0001, val_acc: 100.0000, The current lr 0.000430

Epoch: [403/500], cls_loss: 0.0011, transfer_loss: 0.6929, total_Loss: 1.0404, val_loss 0.0001, val_acc: 100.0000, The current lr 0.000430

Epoch: [404/500], cls_loss: 0.0010, transfer_loss: 0.6926, total_Loss: 1.0400, val_loss 0.0001, val_acc: 100.0000, The current lr 0.000430

Epoch: [405/500], cls_loss: 0.0010, transfer_loss: 0.6928, total_Loss: 1.0402, val_loss 0.0001, val_acc: 100.0000, The current lr 0.000430

Epoch: [406/500], cls_loss: 0.0012, transfer_loss: 0.6927, total_Loss: 1.0403, val_loss 0.0022, val_acc: 99.8611, The current lr 0.000430

Epoch: [407/500], cls_loss: 0.0005, transfer_loss: 0.6927, total_Loss: 1.0395, val_loss 0.0018, val_acc: 100.0000, The current lr 0.000430

Epoch: [408/500], cls_loss: 0.0008, transfer_loss: 0.6928, total_Loss: 1.0400, val_loss 0.0002, val_acc: 100.0000, The current lr 0.000430

Epoch: [409/500], cls_loss: 0.0005, transfer_loss: 0.6925, total_Loss: 1.0393, val_loss 0.0004, val_acc: 100.0000, The current lr 0.000430

Epoch: [410/500], cls_loss: 0.0008, transfer_loss: 0.6931, total_Loss: 1.0404, val_loss 0.0002, val_acc: 100.0000, The current lr 0.000430

Epoch: [411/500], cls_loss: 0.0012, transfer_loss: 0.6929, total_Loss: 1.0405, val_loss 0.0001, val_acc: 100.0000, The current lr 0.000430

Epoch: [412/500], cls_loss: 0.0009, transfer_loss: 0.6925, total_Loss: 1.0396, val_loss 0.0002, val_acc: 100.0000, The current lr 0.000430

Epoch: [413/500], cls_loss: 0.0011, transfer_loss: 0.6922, total_Loss: 1.0394, val_loss 0.0003, val_acc: 100.0000, The current lr 0.000430

Epoch: [414/500], cls_loss: 0.0021, transfer_loss: 0.6936, total_Loss: 1.0426, val_loss 0.0001, val_acc: 100.0000, The current lr 0.000430

Epoch: [415/500], cls_loss: 0.0005, transfer_loss: 0.6927, total_Loss: 1.0395, val_loss 0.0007, val_acc: 100.0000, The current lr 0.000430

Epoch: [416/500], cls_loss: 0.0012, transfer_loss: 0.6924, total_Loss: 1.0398, val_loss 0.0005, val_acc: 100.0000, The current lr 0.000430

Epoch: [417/500], cls_loss: 0.0007, transfer_loss: 0.6923, total_Loss: 1.0391, val_loss 0.0002, val_acc: 100.0000, The current lr 0.000430

Epoch: [418/500], cls_loss: 0.0022, transfer_loss: 0.6921, total_Loss: 1.0404, val_loss 0.0000, val_acc: 100.0000, The current lr 0.000430

Epoch: [419/500], cls_loss: 0.0008, transfer_loss: 0.6927, total_Loss: 1.0398, val_loss 0.0001, val_acc: 100.0000, The current lr 0.000430

Epoch: [420/500], cls_loss: 0.0014, transfer_loss: 0.6928, total_Loss: 1.0406, val_loss 0.0001, val_acc: 100.0000, The current lr 0.000430

Epoch: [421/500], cls_loss: 0.0012, transfer_loss: 0.6924, total_Loss: 1.0398, val_loss 0.0000, val_acc: 100.0000, The current lr 0.000430

Epoch: [422/500], cls_loss: 0.0006, transfer_loss: 0.6928, total_Loss: 1.0397, val_loss 0.0005, val_acc: 100.0000, The current lr 0.000430

Epoch: [423/500], cls_loss: 0.0007, transfer_loss: 0.6930, total_Loss: 1.0401, val_loss 0.0003, val_acc: 100.0000, The current lr 0.000430

Epoch: [424/500], cls_loss: 0.0012, transfer_loss: 0.6927, total_Loss: 1.0403, val_loss 0.0005, val_acc: 100.0000, The current lr 0.000430

Epoch: [425/500], cls_loss: 0.0006, transfer_loss: 0.6925, total_Loss: 1.0393, val_loss 0.0002, val_acc: 100.0000, The current lr 0.000430

Epoch: [426/500], cls_loss: 0.0009, transfer_loss: 0.6926, total_Loss: 1.0397, val_loss 0.0001, val_acc: 100.0000, The current lr 0.000430

Epoch: [427/500], cls_loss: 0.0010, transfer_loss: 0.6928, total_Loss: 1.0401, val_loss 0.0001, val_acc: 100.0000, The current lr 0.000430

Epoch: [428/500], cls_loss: 0.0007, transfer_loss: 0.6928, total_Loss: 1.0399, val_loss 0.0001, val_acc: 100.0000, The current lr 0.000430

Epoch: [429/500], cls_loss: 0.0026, transfer_loss: 0.6925, total_Loss: 1.0414, val_loss 0.0002, val_acc: 100.0000, The current lr 0.000430

Epoch: [430/500], cls_loss: 0.0010, transfer_loss: 0.6930, total_Loss: 1.0405, val_loss 0.0004, val_acc: 100.0000, The current lr 0.000430

Epoch: [431/500], cls_loss: 0.0009, transfer_loss: 0.6925, total_Loss: 1.0396, val_loss 0.0007, val_acc: 100.0000, The current lr 0.000430

Epoch: [432/500], cls_loss: 0.0009, transfer_loss: 0.6927, total_Loss: 1.0400, val_loss 0.0001, val_acc: 100.0000, The current lr 0.000430

Epoch: [433/500], cls_loss: 0.0008, transfer_loss: 0.6925, total_Loss: 1.0396, val_loss 0.0004, val_acc: 100.0000, The current lr 0.000430

Epoch: [434/500], cls_loss: 0.0005, transfer_loss: 0.6926, total_Loss: 1.0395, val_loss 0.0008, val_acc: 100.0000, The current lr 0.000430

Epoch: [435/500], cls_loss: 0.0074, transfer_loss: 0.6922, total_Loss: 1.0458, val_loss 0.0220, val_acc: 99.4444, The current lr 0.000430

Epoch: [436/500], cls_loss: 0.0019, transfer_loss: 0.6927, total_Loss: 1.0410, val_loss 0.0002, val_acc: 100.0000, The current lr 0.000430

Epoch: [437/500], cls_loss: 0.0027, transfer_loss: 0.6922, total_Loss: 1.0410, val_loss 0.0002, val_acc: 100.0000, The current lr 0.000430

Epoch: [438/500], cls_loss: 0.0022, transfer_loss: 0.6919, total_Loss: 1.0401, val_loss 0.0002, val_acc: 100.0000, The current lr 0.000430

Epoch: [439/500], cls_loss: 0.0008, transfer_loss: 0.6924, total_Loss: 1.0394, val_loss 0.0001, val_acc: 100.0000, The current lr 0.000430

Epoch: [440/500], cls_loss: 0.0007, transfer_loss: 0.6923, total_Loss: 1.0391, val_loss 0.0001, val_acc: 100.0000, The current lr 0.000430

Epoch: [441/500], cls_loss: 0.0015, transfer_loss: 0.6927, total_Loss: 1.0405, val_loss 0.0002, val_acc: 100.0000, The current lr 0.000430

Epoch: [442/500], cls_loss: 0.0013, transfer_loss: 0.6922, total_Loss: 1.0397, val_loss 0.0027, val_acc: 99.8611, The current lr 0.000430

Epoch: [443/500], cls_loss: 0.0006, transfer_loss: 0.6923, total_Loss: 1.0390, val_loss 0.0006, val_acc: 100.0000, The current lr 0.000430

Epoch: [444/500], cls_loss: 0.0008, transfer_loss: 0.6926, total_Loss: 1.0398, val_loss 0.0006, val_acc: 100.0000, The current lr 0.000430

Epoch: [445/500], cls_loss: 0.0030, transfer_loss: 0.6925, total_Loss: 1.0417, val_loss 0.0004, val_acc: 100.0000, The current lr 0.000430

Epoch: [446/500], cls_loss: 0.0007, transfer_loss: 0.6930, total_Loss: 1.0402, val_loss 0.0002, val_acc: 100.0000, The current lr 0.000430

Epoch: [447/500], cls_loss: 0.0007, transfer_loss: 0.6926, total_Loss: 1.0396, val_loss 0.0006, val_acc: 100.0000, The current lr 0.000430

Epoch: [448/500], cls_loss: 0.0007, transfer_loss: 0.6928, total_Loss: 1.0398, val_loss 0.0001, val_acc: 100.0000, The current lr 0.000430

Epoch: [449/500], cls_loss: 0.0008, transfer_loss: 0.6926, total_Loss: 1.0397, val_loss 0.0005, val_acc: 100.0000, The current lr 0.000430

Epoch: [450/500], cls_loss: 0.0007, transfer_loss: 0.6927, total_Loss: 1.0398, val_loss 0.0001, val_acc: 100.0000, The current lr 0.000387

Epoch: [451/500], cls_loss: 0.0013, transfer_loss: 0.6927, total_Loss: 1.0403, val_loss 0.0002, val_acc: 100.0000, The current lr 0.000387

Epoch: [452/500], cls_loss: 0.0006, transfer_loss: 0.6927, total_Loss: 1.0396, val_loss 0.0009, val_acc: 100.0000, The current lr 0.000387

Epoch: [453/500], cls_loss: 0.0006, transfer_loss: 0.6931, total_Loss: 1.0402, val_loss 0.0006, val_acc: 100.0000, The current lr 0.000387

Epoch: [454/500], cls_loss: 0.0009, transfer_loss: 0.6925, total_Loss: 1.0397, val_loss 0.0001, val_acc: 100.0000, The current lr 0.000387

Epoch: [455/500], cls_loss: 0.0007, transfer_loss: 0.6928, total_Loss: 1.0399, val_loss 0.0002, val_acc: 100.0000, The current lr 0.000387

Epoch: [456/500], cls_loss: 0.0008, transfer_loss: 0.6924, total_Loss: 1.0394, val_loss 0.0001, val_acc: 100.0000, The current lr 0.000387

Epoch: [457/500], cls_loss: 0.0009, transfer_loss: 0.6926, total_Loss: 1.0398, val_loss 0.0004, val_acc: 100.0000, The current lr 0.000387

Epoch: [458/500], cls_loss: 0.0014, transfer_loss: 0.6931, total_Loss: 1.0411, val_loss 0.0001, val_acc: 100.0000, The current lr 0.000387

Epoch: [459/500], cls_loss: 0.0018, transfer_loss: 0.6924, total_Loss: 1.0405, val_loss 0.0004, val_acc: 100.0000, The current lr 0.000387

Epoch: [460/500], cls_loss: 0.0005, transfer_loss: 0.6924, total_Loss: 1.0392, val_loss 0.0001, val_acc: 100.0000, The current lr 0.000387

Epoch: [461/500], cls_loss: 0.0019, transfer_loss: 0.6928, total_Loss: 1.0412, val_loss 0.0002, val_acc: 100.0000, The current lr 0.000387

Epoch: [462/500], cls_loss: 0.0006, transfer_loss: 0.6928, total_Loss: 1.0398, val_loss 0.0002, val_acc: 100.0000, The current lr 0.000387

Epoch: [463/500], cls_loss: 0.0006, transfer_loss: 0.6926, total_Loss: 1.0395, val_loss 0.0002, val_acc: 100.0000, The current lr 0.000387

Epoch: [464/500], cls_loss: 0.0006, transfer_loss: 0.6925, total_Loss: 1.0393, val_loss 0.0002, val_acc: 100.0000, The current lr 0.000387

Epoch: [465/500], cls_loss: 0.0014, transfer_loss: 0.6926, total_Loss: 1.0403, val_loss 0.0001, val_acc: 100.0000, The current lr 0.000387

Epoch: [466/500], cls_loss: 0.0011, transfer_loss: 0.6924, total_Loss: 1.0397, val_loss 0.0002, val_acc: 100.0000, The current lr 0.000387

Epoch: [467/500], cls_loss: 0.0006, transfer_loss: 0.6925, total_Loss: 1.0393, val_loss 0.0002, val_acc: 100.0000, The current lr 0.000387

Epoch: [468/500], cls_loss: 0.0006, transfer_loss: 0.6931, total_Loss: 1.0402, val_loss 0.0006, val_acc: 100.0000, The current lr 0.000387

Epoch: [469/500], cls_loss: 0.0013, transfer_loss: 0.6924, total_Loss: 1.0400, val_loss 0.0002, val_acc: 100.0000, The current lr 0.000387

Epoch: [470/500], cls_loss: 0.0012, transfer_loss: 0.6925, total_Loss: 1.0399, val_loss 0.0008, val_acc: 100.0000, The current lr 0.000387

Epoch: [471/500], cls_loss: 0.0008, transfer_loss: 0.6923, total_Loss: 1.0392, val_loss 0.0001, val_acc: 100.0000, The current lr 0.000387

Epoch: [472/500], cls_loss: 0.0005, transfer_loss: 0.6924, total_Loss: 1.0391, val_loss 0.0002, val_acc: 100.0000, The current lr 0.000387

Epoch: [473/500], cls_loss: 0.0007, transfer_loss: 0.6926, total_Loss: 1.0397, val_loss 0.0006, val_acc: 100.0000, The current lr 0.000387

Epoch: [474/500], cls_loss: 0.0020, transfer_loss: 0.6923, total_Loss: 1.0405, val_loss 0.0001, val_acc: 100.0000, The current lr 0.000387

Epoch: [475/500], cls_loss: 0.0009, transfer_loss: 0.6929, total_Loss: 1.0403, val_loss 0.0003, val_acc: 100.0000, The current lr 0.000387

Epoch: [476/500], cls_loss: 0.0013, transfer_loss: 0.6928, total_Loss: 1.0406, val_loss 0.0003, val_acc: 100.0000, The current lr 0.000387

Epoch: [477/500], cls_loss: 0.0016, transfer_loss: 0.6926, total_Loss: 1.0405, val_loss 0.0001, val_acc: 100.0000, The current lr 0.000387

Epoch: [478/500], cls_loss: 0.0008, transfer_loss: 0.6925, total_Loss: 1.0395, val_loss 0.0001, val_acc: 100.0000, The current lr 0.000387

Epoch: [479/500], cls_loss: 0.0008, transfer_loss: 0.6926, total_Loss: 1.0397, val_loss 0.0002, val_acc: 100.0000, The current lr 0.000387

Epoch: [480/500], cls_loss: 0.0006, transfer_loss: 0.6922, total_Loss: 1.0388, val_loss 0.0006, val_acc: 100.0000, The current lr 0.000387

Epoch: [481/500], cls_loss: 0.0006, transfer_loss: 0.6926, total_Loss: 1.0395, val_loss 0.0003, val_acc: 100.0000, The current lr 0.000387

Epoch: [482/500], cls_loss: 0.0010, transfer_loss: 0.6927, total_Loss: 1.0400, val_loss 0.0000, val_acc: 100.0000, The current lr 0.000387

Epoch: [483/500], cls_loss: 0.0007, transfer_loss: 0.6931, total_Loss: 1.0404, val_loss 0.0006, val_acc: 100.0000, The current lr 0.000387

Epoch: [484/500], cls_loss: 0.0006, transfer_loss: 0.6931, total_Loss: 1.0402, val_loss 0.0001, val_acc: 100.0000, The current lr 0.000387

Epoch: [485/500], cls_loss: 0.0005, transfer_loss: 0.6924, total_Loss: 1.0390, val_loss 0.0001, val_acc: 100.0000, The current lr 0.000387

Epoch: [486/500], cls_loss: 0.0016, transfer_loss: 0.6922, total_Loss: 1.0399, val_loss 0.0001, val_acc: 100.0000, The current lr 0.000387

Epoch: [487/500], cls_loss: 0.0011, transfer_loss: 0.6923, total_Loss: 1.0396, val_loss 0.0000, val_acc: 100.0000, The current lr 0.000387

Epoch: [488/500], cls_loss: 0.0010, transfer_loss: 0.6924, total_Loss: 1.0395, val_loss 0.0004, val_acc: 100.0000, The current lr 0.000387

Epoch: [489/500], cls_loss: 0.0008, transfer_loss: 0.6932, total_Loss: 1.0406, val_loss 0.0001, val_acc: 100.0000, The current lr 0.000387

Epoch: [490/500], cls_loss: 0.0009, transfer_loss: 0.6927, total_Loss: 1.0399, val_loss 0.0001, val_acc: 100.0000, The current lr 0.000387

Epoch: [491/500], cls_loss: 0.0019, transfer_loss: 0.6930, total_Loss: 1.0414, val_loss 0.0004, val_acc: 100.0000, The current lr 0.000387

Epoch: [492/500], cls_loss: 0.0011, transfer_loss: 0.6925, total_Loss: 1.0398, val_loss 0.0001, val_acc: 100.0000, The current lr 0.000387

Epoch: [493/500], cls_loss: 0.0009, transfer_loss: 0.6928, total_Loss: 1.0401, val_loss 0.0003, val_acc: 100.0000, The current lr 0.000387

Epoch: [494/500], cls_loss: 0.0015, transfer_loss: 0.6932, total_Loss: 1.0413, val_loss 0.0002, val_acc: 100.0000, The current lr 0.000387

Epoch: [495/500], cls_loss: 0.0015, transfer_loss: 0.6925, total_Loss: 1.0402, val_loss 0.0001, val_acc: 100.0000, The current lr 0.000387

Epoch: [496/500], cls_loss: 0.0011, transfer_loss: 0.6928, total_Loss: 1.0402, val_loss 0.0009, val_acc: 100.0000, The current lr 0.000387

Epoch: [497/500], cls_loss: 0.0006, transfer_loss: 0.6923, total_Loss: 1.0391, val_loss 0.0005, val_acc: 100.0000, The current lr 0.000387

Epoch: [498/500], cls_loss: 0.0047, transfer_loss: 0.6931, total_Loss: 1.0444, val_loss 0.0033, val_acc: 99.8611, The current lr 0.000387

Epoch: [499/500], cls_loss: 0.0011, transfer_loss: 0.6925, total_Loss: 1.0399, val_loss 0.0008, val_acc: 100.0000, The current lr 0.000387
CQDXBear1D2-1: Best accuracy 100.0000 got in epoch 31 by resnet1d

